#
# There is insufficient memory for the Java Runtime Environment to continue.
# Native memory allocation (malloc) failed to allocate 1412256 bytes for Chunk::new
# Possible reasons:
#   The system is out of physical RAM or swap space
#   In 32 bit mode, the process size limit was hit
# Possible solutions:
#   Reduce memory load on the system
#   Increase physical memory or swap space
#   Check if swap backing store is full
#   Use 64 bit Java on a 64 bit OS
#   Decrease Java heap size (-Xmx/-Xms)
#   Decrease number of Java threads
#   Decrease Java thread stack sizes (-Xss)
#   Set larger code cache with -XX:ReservedCodeCacheSize=
# This output file may be truncated or incomplete.
#
#  Out of Memory Error (allocation.cpp:390), pid=11704, tid=11784
#
# JRE version: Java(TM) SE Runtime Environment (8.0_60-b27) (build 1.8.0_60-b27)
# Java VM: Java HotSpot(TM) 64-Bit Server VM (25.60-b23 mixed mode windows-amd64 compressed oops)
# Failed to write core dump. Minidumps are not enabled by default on client versions of Windows
#

---------------  T H R E A D  ---------------

Current thread (0x000000001750e800):  JavaThread "C2 CompilerThread1" daemon [_thread_in_native, id=11784, stack(0x0000000017be0000,0x0000000017ce0000)]

Stack: [0x0000000017be0000,0x0000000017ce0000]
[error occurred during error reporting (printing stack bounds), id 0xc0000005]

Native frames: (J=compiled Java code, j=interpreted, Vv=VM code, C=native code)


Current CompileTask:
C2:   3999 1373   !   4       com.android.dx.cf.cst.ConstantPoolParser::parse0 (731 bytes)


---------------  P R O C E S S  ---------------

Java Threads: ( => current thread )
  0x000000001787b000 JavaThread "pool-2-thread-4" [_thread_blocked, id=1852, stack(0x0000000018ce0000,0x0000000018de0000)]
  0x000000001787c000 JavaThread "pool-2-thread-3" [_thread_blocked, id=7232, stack(0x0000000018be0000,0x0000000018ce0000)]
  0x0000000017879800 JavaThread "pool-2-thread-2" [_thread_blocked, id=3840, stack(0x0000000018ae0000,0x0000000018be0000)]
  0x000000001782e000 JavaThread "pool-3-thread-1" [_thread_blocked, id=7896, stack(0x00000000189e0000,0x0000000018ae0000)]
  0x000000001782a800 JavaThread "pool-2-thread-1" [_thread_blocked, id=10832, stack(0x00000000188e0000,0x00000000189e0000)]
  0x00000000175ae000 JavaThread "Service Thread" daemon [_thread_blocked, id=5468, stack(0x0000000017ee0000,0x0000000017fe0000)]
  0x0000000017575800 JavaThread "C1 CompilerThread3" daemon [_thread_in_vm, id=11092, stack(0x0000000017de0000,0x0000000017ee0000)]
  0x0000000017544000 JavaThread "C2 CompilerThread2" daemon [_thread_in_native, id=8936, stack(0x0000000017ce0000,0x0000000017de0000)]
=>0x000000001750e800 JavaThread "C2 CompilerThread1" daemon [_thread_in_native, id=11784, stack(0x0000000017be0000,0x0000000017ce0000)]
  0x000000001750a800 JavaThread "C2 CompilerThread0" daemon [_thread_in_native, id=15176, stack(0x0000000017ae0000,0x0000000017be0000)]
  0x0000000017505800 JavaThread "Attach Listener" daemon [_thread_blocked, id=2296, stack(0x00000000179e0000,0x0000000017ae0000)]
  0x0000000017504800 JavaThread "Signal Dispatcher" daemon [_thread_blocked, id=9952, stack(0x00000000178e0000,0x00000000179e0000)]
  0x00000000028e5800 JavaThread "Finalizer" daemon [_thread_blocked, id=9348, stack(0x00000000172f0000,0x00000000173f0000)]
  0x00000000028e4800 JavaThread "Reference Handler" daemon [_thread_blocked, id=2096, stack(0x00000000171f0000,0x00000000172f0000)]
  0x00000000027ee000 JavaThread "main" [_thread_blocked, id=9640, stack(0x0000000002640000,0x0000000002740000)]

Other Threads:
  0x000000001540a000 VMThread [stack: 0x00000000170f0000,0x00000000171f0000] [id=4652]
  0x00000000175b1000 WatcherThread [stack: 0x0000000017fe0000,0x00000000180e0000] [id=10356]

VM state:not at safepoint (normal execution)

VM Mutex/Monitor currently owned by a thread:  ([mutex/lock_event])
[0x00000000027ec450] CodeCache_lock - owner thread: 0x0000000017575800
[0x00000000027f01d0] Compile_lock - owner thread: 0x0000000017575800
[0x00000000027f1750] MethodCompileQueue_lock - owner thread: 0x0000000017575800

Heap:
 PSYoungGen      total 71680K, used 55037K [0x00000000eab00000, 0x00000000ef600000, 0x0000000100000000)
  eden space 66560K, 75% used [0x00000000eab00000,0x00000000edbc5228,0x00000000eec00000)
  from space 5120K, 99% used [0x00000000ef100000,0x00000000ef5fa450,0x00000000ef600000)
  to   space 5120K, 0% used [0x00000000eec00000,0x00000000eec00000,0x00000000ef100000)
 ParOldGen       total 87552K, used 5868K [0x00000000c0000000, 0x00000000c5580000, 0x00000000eab00000)
  object space 87552K, 6% used [0x00000000c0000000,0x00000000c05bb030,0x00000000c5580000)
 Metaspace       used 6242K, capacity 7152K, committed 7296K, reserved 1056768K
  class space    used 603K, capacity 616K, committed 640K, reserved 1048576K

Card table byte_map: [0x0000000011cb0000,0x0000000011ec0000] byte_map_base: 0x00000000116b0000

Marking Bits: (ParMarkBitMap*) 0x000000006fb0a5b0
 Begin Bits: [0x0000000012820000, 0x0000000013820000)
 End Bits:   [0x0000000013820000, 0x0000000014820000)

Polling page: 0x00000000008b0000

CodeCache: size=245760Kb used=6472Kb max_used=6472Kb free=239287Kb
 bounds [0x00000000028f0000, 0x0000000002f50000, 0x00000000118f0000]
 total_blobs=1883 nmethods=1612 adapters=182
 compilation: enabled

Compilation events (10 events):
Event: 1.596 Thread 0x0000000017575800 nmethod 1501 0x0000000002ec1550 code [0x0000000002ec16c0, 0x0000000002ec18c8]
Event: 1.596 Thread 0x0000000017575800 1498       3       java.util.Collections::unmodifiableCollection (9 bytes)
Event: 1.596 Thread 0x0000000017575800 nmethod 1498 0x0000000002eda3d0 code [0x0000000002eda560, 0x0000000002eda8a8]
Event: 1.596 Thread 0x0000000017575800 1499       3       com.android.dx.ssa.SsaInsn::makeFromRop (10 bytes)
Event: 1.596 Thread 0x0000000017575800 nmethod 1499 0x0000000002ed9b50 code [0x0000000002ed9ce0, 0x0000000002eda168]
Event: 1.596 Thread 0x0000000017575800 1503       3       com.android.dx.rop.code.RegisterSpec::make (21 bytes)
Event: 1.597 Thread 0x0000000017575800 nmethod 1503 0x0000000002ed9690 code [0x0000000002ed9800, 0x0000000002ed9a58]
Event: 1.598 Thread 0x0000000017575800 1504       3       java.util.concurrent.ThreadPoolExecutor::workerCountOf (5 bytes)
Event: 1.598 Thread 0x0000000017575800 nmethod 1504 0x0000000002ed9390 code [0x0000000002ed94e0, 0x0000000002ed9610]
Event: 1.598 Thread 0x0000000017575800 1505       3       com.android.dx.dex.file.DexFile::internIfAppropriate (128 bytes)

GC Heap History (4 events):
Event: 1.259 GC heap before
{Heap before GC invocations=1 (full 0):
 PSYoungGen      total 38400K, used 33280K [0x00000000eab00000, 0x00000000ed580000, 0x0000000100000000)
  eden space 33280K, 100% used [0x00000000eab00000,0x00000000ecb80000,0x00000000ecb80000)
  from space 5120K, 0% used [0x00000000ed080000,0x00000000ed080000,0x00000000ed580000)
  to   space 5120K, 0% used [0x00000000ecb80000,0x00000000ecb80000,0x00000000ed080000)
 ParOldGen       total 87552K, used 0K [0x00000000c0000000, 0x00000000c5580000, 0x00000000eab00000)
  object space 87552K, 0% used [0x00000000c0000000,0x00000000c0000000,0x00000000c5580000)
 Metaspace       used 5931K, capacity 6832K, committed 7040K, reserved 1056768K
  class space    used 601K, capacity 616K, committed 640K, reserved 1048576K
Event: 1.282 GC heap after
Heap after GC invocations=1 (full 0):
 PSYoungGen      total 38400K, used 5115K [0x00000000eab00000, 0x00000000ef600000, 0x0000000100000000)
  eden space 33280K, 0% used [0x00000000eab00000,0x00000000eab00000,0x00000000ecb80000)
  from space 5120K, 99% used [0x00000000ecb80000,0x00000000ed07edd8,0x00000000ed080000)
  to   space 5120K, 0% used [0x00000000ef100000,0x00000000ef100000,0x00000000ef600000)
 ParOldGen       total 87552K, used 1401K [0x00000000c0000000, 0x00000000c5580000, 0x00000000eab00000)
  object space 87552K, 1% used [0x00000000c0000000,0x00000000c015e5d0,0x00000000c5580000)
 Metaspace       used 5931K, capacity 6832K, committed 7040K, reserved 1056768K
  class space    used 601K, capacity 616K, committed 640K, reserved 1048576K
}
Event: 1.614 GC heap before
{Heap before GC invocations=2 (full 0):
 PSYoungGen      total 38400K, used 38395K [0x00000000eab00000, 0x00000000ef600000, 0x0000000100000000)
  eden space 33280K, 100% used [0x00000000eab00000,0x00000000ecb80000,0x00000000ecb80000)
  from space 5120K, 99% used [0x00000000ecb80000,0x00000000ed07edd8,0x00000000ed080000)
  to   space 5120K, 0% used [0x00000000ef100000,0x00000000ef100000,0x00000000ef600000)
 ParOldGen       total 87552K, used 1401K [0x00000000c0000000, 0x00000000c5580000, 0x00000000eab00000)
  object space 87552K, 1% used [0x00000000c0000000,0x00000000c015e5d0,0x00000000c5580000)
 Metaspace       used 6186K, capacity 7088K, committed 7296K, reserved 1056768K
  class space    used 603K, capacity 616K, committed 640K, reserved 1048576K
Event: 1.741 GC heap after
Heap after GC invocations=2 (full 0):
 PSYoungGen      total 71680K, used 5097K [0x00000000eab00000, 0x00000000ef600000, 0x0000000100000000)
  eden space 66560K, 0% used [0x00000000eab00000,0x00000000eab00000,0x00000000eec00000)
  from space 5120K, 99% used [0x00000000ef100000,0x00000000ef5fa450,0x00000000ef600000)
  to   space 5120K, 0% used [0x00000000eec00000,0x00000000eec00000,0x00000000ef100000)
 ParOldGen       total 87552K, used 5868K [0x00000000c0000000, 0x00000000c5580000, 0x00000000eab00000)
  object space 87552K, 6% used [0x00000000c0000000,0x00000000c05bb030,0x00000000c5580000)
 Metaspace       used 6186K, capacity 7088K, committed 7296K, reserved 1056768K
  class space    used 603K, capacity 616K, committed 640K, reserved 1048576K
}

Deoptimization events (10 events):
Event: 1.343 Thread 0x00000000027ee000 Uncommon trap: reason=unstable_if action=reinterpret pc=0x0000000002d1dfdc method=com.android.dx.rop.cst.Constant.compareTo(Lcom/android/dx/rop/cst/Constant;)I @ 12
Event: 1.494 Thread 0x000000001782a800 Uncommon trap: reason=bimorphic action=maybe_recompile pc=0x0000000002dafb54 method=java.util.HashMap.getNode(ILjava/lang/Object;)Ljava/util/HashMap$Node; @ 126
Event: 1.499 Thread 0x000000001782a800 Uncommon trap: reason=unstable_if action=reinterpret pc=0x0000000002db6fe8 method=com.android.dx.rop.code.RegisterSpec.equals(ILcom/android/dx/rop/type/TypeBearer;Lcom/android/dx/rop/code/LocalItem;)Z @ 42
Event: 1.522 Thread 0x000000001787c000 Uncommon trap: reason=unstable_if action=reinterpret pc=0x0000000002cb2c38 method=com.android.dx.cf.code.Ropper.labelToResultIndex(I)I @ 34
Event: 1.523 Thread 0x000000001787c000 Uncommon trap: reason=unstable_if action=reinterpret pc=0x0000000002ccca20 method=com.android.dx.util.LabeledList.set(ILcom/android/dx/util/LabeledItem;)V @ 16
Event: 1.540 Thread 0x00000000027ee000 Uncommon trap: reason=bimorphic action=maybe_recompile pc=0x0000000002dafb54 method=java.util.HashMap.getNode(ILjava/lang/Object;)Ljava/util/HashMap$Node; @ 126
Event: 1.540 Thread 0x00000000027ee000 Uncommon trap: reason=bimorphic action=maybe_recompile pc=0x0000000002dafb54 method=java.util.HashMap.getNode(ILjava/lang/Object;)Ljava/util/HashMap$Node; @ 126
Event: 1.540 Thread 0x00000000027ee000 Uncommon trap: reason=bimorphic action=maybe_recompile pc=0x0000000002dafb54 method=java.util.HashMap.getNode(ILjava/lang/Object;)Ljava/util/HashMap$Node; @ 126
Event: 1.545 Thread 0x0000000017879800 Uncommon trap: reason=unstable_if action=reinterpret pc=0x0000000002b99a2c method=com.android.dx.rop.code.RegisterSpecSet.put(Lcom/android/dx/rop/code/RegisterSpec;)V @ 77
Event: 1.545 Thread 0x0000000017879800 Uncommon trap: reason=unstable_if action=reinterpret pc=0x0000000002bf3f6c method=com.android.dx.rop.code.RegisterSpecSet.put(Lcom/android/dx/rop/code/RegisterSpec;)V @ 77

Internal exceptions (4 events):
Event: 0.143 Thread 0x00000000027ee000 Exception <a 'java/lang/NoSuchMethodError': Method sun.misc.Unsafe.defineClass(Ljava/lang/String;[BII)Ljava/lang/Class; name or signature does not match> (0x00000000eab0db80) thrown at [C:\re\workspace\8-2-build-windows-amd64-cygwin\jdk8u60\4407\hotspot\srgcoOFÂ?
Event: 0.143 Thread 0x00000000027ee000 Exception <a 'java/lang/NoSuchMethodError': Method sun.misc.Unsafe.prefetchRead(Ljava/lang/Object;J)V name or signature does not match> (0x00000000eab0de68) thrown at [C:\re\workspace\8-2-build-windows-amd64-cygwin\jdk8u60\4407\hotspot\src\share\vm\prims\jø—-ÈÁô?
Event: 1.297 Thread 0x000000001782a800 Implicit null exception at 0x0000000002cd18e2 to 0x0000000002cd19d2
Event: 1.327 Thread 0x000000001787c000 Implicit null exception at 0x0000000002be3b32 to 0x0000000002be53b5

Events (10 events):
Event: 1.540 Thread 0x00000000027ee000 DEOPT PACKING pc=0x0000000002dafb54 sp=0x000000000273dd60
Event: 1.540 Thread 0x00000000027ee000 DEOPT UNPACKING pc=0x000000000293582a sp=0x000000000273dce0 mode 2
Event: 1.545 Thread 0x0000000017879800 Uncommon trap: trap_request=0xffffff65 fr.pc=0x0000000002b99a2c
Event: 1.545 Thread 0x0000000017879800 DEOPT PACKING pc=0x0000000002b99a2c sp=0x0000000018bdeab0
Event: 1.545 Thread 0x0000000017879800 DEOPT UNPACKING pc=0x000000000293582a sp=0x0000000018bdea38 mode 2
Event: 1.545 Thread 0x0000000017879800 Uncommon trap: trap_request=0xffffff65 fr.pc=0x0000000002bf3f6c
Event: 1.545 Thread 0x0000000017879800 DEOPT PACKING pc=0x0000000002bf3f6c sp=0x0000000018bdeaa0
Event: 1.545 Thread 0x0000000017879800 DEOPT UNPACKING pc=0x000000000293582a sp=0x0000000018bde9c0 mode 2
Event: 1.599 Executing VM operation: ParallelGCFailedAllocation
Event: 1.742 Executing VM operation: ParallelGCFailedAllocation done


Dynamic libraries:
0x00007ff63ae20000 - 0x00007ff63ae57000 	C:\Program Files\Java\jdk1.8.0_60\bin\java.exe
0x00007ffea5320000 - 0x00007ffea54f1000 	C:\WINDOWS\SYSTEM32\ntdll.dll
0x00007ffea2cf0000 - 0x00007ffea2d9b000 	C:\WINDOWS\System32\KERNEL32.DLL
0x00007ffea1a60000 - 0x00007ffea1c7d000 	C:\WINDOWS\System32\KERNELBASE.dll
0x00007ffea3800000 - 0x00007ffea38a2000 	C:\WINDOWS\System32\ADVAPI32.dll
0x00007ffea31a0000 - 0x00007ffea323e000 	C:\WINDOWS\System32\msvcrt.dll
0x00007ffea37a0000 - 0x00007ffea37f9000 	C:\WINDOWS\System32\sechost.dll
0x00007ffea3000000 - 0x00007ffea3121000 	C:\WINDOWS\System32\RPCRT4.dll
0x00007ffea3270000 - 0x00007ffea33d5000 	C:\WINDOWS\System32\USER32.dll
0x00007ffea2830000 - 0x00007ffea284e000 	C:\WINDOWS\System32\win32u.dll
0x00007ffea4de0000 - 0x00007ffea4e14000 	C:\WINDOWS\System32\GDI32.dll
0x00007ffea2530000 - 0x00007ffea26b2000 	C:\WINDOWS\System32\gdi32full.dll
0x00007ffe96620000 - 0x00007ffe96899000 	C:\WINDOWS\WinSxS\amd64_microsoft.windows.common-controls_6595b64144ccf1df_6.0.14393.0_none_2d0f50fcbdb171b8\COMCTL32.dll
0x00007ffea5040000 - 0x00007ffea5307000 	C:\WINDOWS\System32\combase.dll
0x00007ffea1960000 - 0x00007ffea1a55000 	C:\WINDOWS\System32\ucrtbase.dll
0x00007ffea27c0000 - 0x00007ffea282a000 	C:\WINDOWS\System32\bcryptPrimitives.dll
0x00007ffea3240000 - 0x00007ffea326e000 	C:\WINDOWS\System32\IMM32.DLL
0x0000000073310000 - 0x00000000733e2000 	C:\Program Files\Java\jdk1.8.0_60\jre\bin\msvcr100.dll
0x000000006f300000 - 0x000000006fb89000 	C:\Program Files\Java\jdk1.8.0_60\jre\bin\server\jvm.dll
0x00007ffea5030000 - 0x00007ffea5038000 	C:\WINDOWS\System32\PSAPI.DLL
0x00007ffe93c50000 - 0x00007ffe93c59000 	C:\WINDOWS\SYSTEM32\WSOCK32.dll
0x00007ffea3130000 - 0x00007ffea319a000 	C:\WINDOWS\System32\WS2_32.dll
0x00007ffe9fc70000 - 0x00007ffe9fc93000 	C:\WINDOWS\SYSTEM32\WINMM.dll
0x00007ffe9cf00000 - 0x00007ffe9cf0a000 	C:\WINDOWS\SYSTEM32\VERSION.dll
0x00007ffe9fae0000 - 0x00007ffe9fb0b000 	C:\WINDOWS\SYSTEM32\WINMMBASE.dll
0x00007ffea2770000 - 0x00007ffea27b2000 	C:\WINDOWS\System32\cfgmgr32.dll
0x0000000073300000 - 0x000000007330f000 	C:\Program Files\Java\jdk1.8.0_60\jre\bin\verify.dll
0x00000000732d0000 - 0x00000000732f9000 	C:\Program Files\Java\jdk1.8.0_60\jre\bin\java.dll
0x00000000732b0000 - 0x00000000732c6000 	C:\Program Files\Java\jdk1.8.0_60\jre\bin\zip.dll
0x00007ffea38d0000 - 0x00007ffea4dd8000 	C:\WINDOWS\System32\SHELL32.dll
0x00007ffea1e50000 - 0x00007ffea252a000 	C:\WINDOWS\System32\windows.storage.dll
0x00007ffea17a0000 - 0x00007ffea17ec000 	C:\WINDOWS\System32\powrprof.dll
0x00007ffea2fa0000 - 0x00007ffea2ff2000 	C:\WINDOWS\System32\shlwapi.dll
0x00007ffea1790000 - 0x00007ffea179f000 	C:\WINDOWS\System32\kernel.appcore.dll
0x00007ffea1810000 - 0x00007ffea18b9000 	C:\WINDOWS\System32\shcore.dll
0x00007ffea17f0000 - 0x00007ffea1804000 	C:\WINDOWS\System32\profapi.dll

VM Arguments:
jvm_args: -Djava.awt.headless=true -Xmx1024M -Dfile.encoding=windows-1252 -Duser.country=US -Duser.language=en -Duser.variant 
java_command: com.android.dx.command.Main --dex --force-jumbo --num-threads=4 --multi-dex --output D:\Repository\WorkspaceAndroid\ProyectoAndroid\app\build\intermediates\transforms\dex\debug\folders\1000\10\com.android.support-design-24.2.0_e29a59fc88f6fa686828d078bcd58e37a68b8cf9 D:\Repository\WorkspaceAndroid\ProyectoAndroid\app\build\intermediates\exploded-aar\com.android.support\design\24.2.0\jars\classes.jar
java_class_path (initial): C:\Users\ArkMetal\AppData\Local\Android\sdk\build-tools\23.0.3\lib\dx.jar
Launcher Type: SUN_STANDARD

Environment Variables:
JAVA_HOME=C:\Program Files\Java\jdk1.8.0_91
CLASSPATH=C:\LINGO64_15\Lingo14.jar
PATH=C:\apache-maven-3.3.9\bin;C:\Program Files\Java\jdk1.8.0_91\bin;C:\ProgramData\Oracle\Java\javapath;C:\WINDOWS\system32;C:\WINDOWS;C:\WINDOWS\System32\Wbem;C:\WINDOWS\System32\WindowsPowerShell\v1.0\;C:\Program Files\Microsoft SQL Server\Client SDK\ODBC\110\Tools\Binn\;C:\Program Files (x86)\Microsoft SQL Server\120\Tools\Binn\;C:\Program Files\Microsoft SQL Server\120\Tools\Binn\;C:\Program Files\Microsoft SQL Server\120\DTS\Binn\;C:\Program Files\TortoiseSVN\bin;C:\Program Files (x86)\Microsoft SQL Server\120\Tools\Binn\ManagementStudio\;C:\Program Files (x86)\Microsoft SQL Server\120\DTS\Binn\;C:\Program Files (x86)\Skype\Phone\;C:\LINGO64_15\;C:\Program Files (x86)\ATI Technologies\ATI.ACE\Core-Static;C:\Users\ArkMetal\AppData\Local\Android\sdk\tools;C:\Users\ArkMetal\AppData\Local\Android\sdk\platform-tools;C:\Program Files (x86)\Windows Kits\8.1\Windows Performance Toolkit\;C:\Program Files (x86)\nodejs\;C:\Program Files\Microsoft SQL Server\130\Tools\Binn\;C:\Program Files (x86)\Microsoft Emulator Manager\1.0\;C:\Program Files\Git\cmd;C:\Program Files\dotnet\;C:\Ruby23-x64\bin;C:\Users\ArkMetal\.dnx\bin;C:\Users\ArkMetal\AppData\Local\Microsoft\WindowsApps;C:\Users\ArkMetal\AppData\Roaming\npm;C:\Program Files (x86)\Git\bin;C:\Program Files (x86)\Git\cmd
USERNAME=ArkMetal
OS=Windows_NT
PROCESSOR_IDENTIFIER=Intel64 Family 6 Model 58 Stepping 9, GenuineIntel



---------------  S Y S T E M  ---------------

OS: Windows 10.0 , 64 bit Build 14393 (10.0.14393.0)

CPU:total 8 (4 cores per cpu, 2 threads per core) family 6 model 58 stepping 9, cmov, cx8, fxsr, mmx, sse, sse2, sse3, ssse3, sse4.1, sse4.2, popcnt, avx, aes, clmul, erms, ht, tsc, tscinvbit, tscinv

Memory: 4k page, physical 8342836k(1009452k free), swap 11980368k(1064k free)

vm_info: Java HotSpot(TM) 64-Bit Server VM (25.60-b23) for windows-amd64 JRE (1.8.0_60-b27), built on Aug  4 2015 11:06:27 by "java_re" with MS VC++ 10.0 (VS2010)

time: Tue Sep 20 01:04:35 2016
elapsed time: 4 seconds (0d 0h 0m 4s)

