#
# There is insufficient memory for the Java Runtime Environment to continue.
# Native memory allocation (malloc) failed to allocate 286336 bytes for Chunk::new
# Possible reasons:
#   The system is out of physical RAM or swap space
#   In 32 bit mode, the process size limit was hit
# Possible solutions:
#   Reduce memory load on the system
#   Increase physical memory or swap space
#   Check if swap backing store is full
#   Use 64 bit Java on a 64 bit OS
#   Decrease Java heap size (-Xmx/-Xms)
#   Decrease number of Java threads
#   Decrease Java thread stack sizes (-Xss)
#   Set larger code cache with -XX:ReservedCodeCacheSize=
# This output file may be truncated or incomplete.
#
#  Out of Memory Error (allocation.cpp:390), pid=13764, tid=13840
#
# JRE version: Java(TM) SE Runtime Environment (8.0_60-b27) (build 1.8.0_60-b27)
# Java VM: Java HotSpot(TM) 64-Bit Server VM (25.60-b23 mixed mode windows-amd64 compressed oops)
# Failed to write core dump. Minidumps are not enabled by default on client versions of Windows
#

---------------  T H R E A D  ---------------

Current thread (0x0000000017925800):  JavaThread "C2 CompilerThread2" daemon [_thread_in_native, id=13840, stack(0x00000000180a0000,0x00000000181a0000)]

Stack: [0x00000000180a0000,0x00000000181a0000]
[error occurred during error reporting (printing stack bounds), id 0xc0000005]

Native frames: (J=compiled Java code, j=interpreted, Vv=VM code, C=native code)


Current CompileTask:
C2:   9829  782   !   4       com.android.dx.rop.code.RegisterSpec::intern (70 bytes)


---------------  P R O C E S S  ---------------

Java Threads: ( => current thread )
  0x0000000017c25000 JavaThread "pool-2-thread-4" [_thread_blocked, id=1824, stack(0x00000000190a0000,0x00000000191a0000)]
  0x0000000017b85000 JavaThread "pool-2-thread-3" [_thread_blocked, id=10708, stack(0x0000000018fa0000,0x00000000190a0000)]
  0x0000000017b84000 JavaThread "pool-2-thread-2" [_thread_blocked, id=8496, stack(0x0000000018ea0000,0x0000000018fa0000)]
  0x00000000184c8800 JavaThread "pool-3-thread-1" [_thread_blocked, id=13588, stack(0x0000000018da0000,0x0000000018ea0000)]
  0x00000000184c8000 JavaThread "pool-2-thread-1" [_thread_in_vm, id=12392, stack(0x0000000018ca0000,0x0000000018da0000)]
  0x000000001792d800 JavaThread "Service Thread" daemon [_thread_blocked, id=13144, stack(0x00000000182a0000,0x00000000183a0000)]
  0x0000000017928800 JavaThread "C1 CompilerThread3" daemon [_thread_in_vm, id=12216, stack(0x00000000181a0000,0x00000000182a0000)]
=>0x0000000017925800 JavaThread "C2 CompilerThread2" daemon [_thread_in_native, id=13840, stack(0x00000000180a0000,0x00000000181a0000)]
  0x00000000178ce000 JavaThread "C2 CompilerThread1" daemon [_thread_blocked, id=9664, stack(0x0000000017fa0000,0x00000000180a0000)]
  0x00000000178c9800 JavaThread "C2 CompilerThread0" daemon [_thread_in_native, id=8356, stack(0x0000000017ea0000,0x0000000017fa0000)]
  0x00000000178c5000 JavaThread "Attach Listener" daemon [_thread_blocked, id=268, stack(0x0000000017da0000,0x0000000017ea0000)]
  0x00000000178c4000 JavaThread "Signal Dispatcher" daemon [_thread_blocked, id=11696, stack(0x0000000017ca0000,0x0000000017da0000)]
  0x0000000002cc4800 JavaThread "Finalizer" daemon [_thread_blocked, id=11404, stack(0x00000000176b0000,0x00000000177b0000)]
  0x0000000002cc3000 JavaThread "Reference Handler" daemon [_thread_blocked, id=880, stack(0x00000000175b0000,0x00000000176b0000)]
  0x0000000002ace000 JavaThread "main" [_thread_blocked, id=10864, stack(0x0000000002ad0000,0x0000000002bd0000)]

Other Threads:
  0x00000000157ea000 VMThread [stack: 0x00000000174b0000,0x00000000175b0000] [id=14800]
  0x0000000017930800 WatcherThread [stack: 0x00000000183a0000,0x00000000184a0000] [id=13396]

VM state:not at safepoint (normal execution)

VM Mutex/Monitor currently owned by a thread: None

Heap:
 PSYoungGen      total 38400K, used 30885K [0x00000000eab00000, 0x00000000ed580000, 0x0000000100000000)
  eden space 33280K, 92% used [0x00000000eab00000,0x00000000ec929668,0x00000000ecb80000)
  from space 5120K, 0% used [0x00000000ed080000,0x00000000ed080000,0x00000000ed580000)
  to   space 5120K, 0% used [0x00000000ecb80000,0x00000000ecb80000,0x00000000ed080000)
 ParOldGen       total 87552K, used 0K [0x00000000c0000000, 0x00000000c5580000, 0x00000000eab00000)
  object space 87552K, 0% used [0x00000000c0000000,0x00000000c0000000,0x00000000c5580000)
 Metaspace       used 5876K, capacity 6832K, committed 7040K, reserved 1056768K
  class space    used 602K, capacity 616K, committed 640K, reserved 1048576K

Card table byte_map: [0x0000000012090000,0x00000000122a0000] byte_map_base: 0x0000000011a90000

Marking Bits: (ParMarkBitMap*) 0x000000006fb0a5b0
 Begin Bits: [0x0000000012c00000, 0x0000000013c00000)
 End Bits:   [0x0000000013c00000, 0x0000000014c00000)

Polling page: 0x0000000000fa0000

CodeCache: size=245760Kb used=3282Kb max_used=3282Kb free=242477Kb
 bounds [0x0000000002cd0000, 0x0000000003010000, 0x0000000011cd0000]
 total_blobs=1086 nmethods=817 adapters=182
 compilation: enabled

Compilation events (10 events):
Event: 1.770 Thread 0x00000000178ce000 nmethod 802 0x0000000002fb25d0 code [0x0000000002fb2720, 0x0000000002fb2858]
Event: 1.770 Thread 0x00000000178ce000  803       4       com.android.dx.util.BitIntSet::add (15 bytes)
Event: 1.773 Thread 0x00000000178ce000 nmethod 803 0x0000000002fb4690 code [0x0000000002fb47e0, 0x0000000002fb4a18]
Event: 1.773 Thread 0x00000000178ce000  807       4       com.android.dx.rop.code.Insn::<init> (69 bytes)
Event: 1.774 Thread 0x00000000178ce000 nmethod 807 0x0000000002fb22d0 code [0x0000000002fb2400, 0x0000000002fb24f8]
Event: 1.774 Thread 0x00000000178ce000  808       4       com.android.dx.ssa.DeadCodeRemover::hasSideEffect (11 bytes)
Event: 3.778 Thread 0x0000000017928800 nmethod 746 0x0000000002fb6cd0 code [0x0000000002fb7f40, 0x0000000002fc6de8]
Event: 3.779 Thread 0x0000000017928800  811       3       com.android.dx.rop.code.RegisterSpec::hashCodeOf (30 bytes)
Event: 3.779 Thread 0x0000000017928800 nmethod 811 0x0000000002fb4150 code [0x0000000002fb42c0, 0x0000000002fb4578]
Event: 3.779 Thread 0x0000000017928800  812   !   3       com.android.dx.rop.code.RegisterSpecSet::put (104 bytes)

GC Heap History (0 events):
No events

Deoptimization events (5 events):
Event: 0.949 Thread 0x0000000002ace000 Uncommon trap: reason=unstable_if action=reinterpret pc=0x0000000002e22594 method=java.lang.String.compareTo(Ljava/lang/String;)I @ 38
Event: 1.637 Thread 0x00000000184c8000 Uncommon trap: reason=unstable_if action=reinterpret pc=0x0000000002f15358 method=java.util.HashMap.getNode(ILjava/lang/Object;)Ljava/util/HashMap$Node; @ 129
Event: 1.763 Thread 0x0000000017b85000 Uncommon trap: reason=null_check action=make_not_entrant pc=0x0000000002faaca0 method=com.android.dx.rop.type.Type.equals(Ljava/lang/Object;)Z @ 8
Event: 1.773 Thread 0x0000000002ace000 Uncommon trap: reason=unstable_if action=reinterpret pc=0x0000000002f84f1c method=com.android.dx.rop.code.LocalItem.hashCode()I @ 25
Event: 1.774 Thread 0x0000000002ace000 Uncommon trap: reason=unstable_if action=reinterpret pc=0x0000000002fb4e6c method=com.android.dx.rop.code.RegisterSpecSet.put(Lcom/android/dx/rop/code/RegisterSpec;)V @ 77

Internal exceptions (3 events):
Event: 0.141 Thread 0x0000000002ace000 Exception <a 'java/lang/NoSuchMethodError': Method sun.misc.Unsafe.defineClass(Ljava/lang/String;[BII)Ljava/lang/Class; name or signature does not match> (0x00000000eab0db98) thrown at [C:\re\workspace\8-2-build-windows-amd64-cygwin\jdk8u60\4407\hotspot\srë†:Õ‰Â?
Event: 0.141 Thread 0x0000000002ace000 Exception <a 'java/lang/NoSuchMethodError': Method sun.misc.Unsafe.prefetchRead(Ljava/lang/Object;J)V name or signature does not match> (0x00000000eab0de80) thrown at [C:\re\workspace\8-2-build-windows-amd64-cygwin\jdk8u60\4407\hotspot\src\share\vm\prims\jþ+^õ_5ü?
Event: 1.763 Thread 0x0000000017b85000 Implicit null exception at 0x0000000002faaba2 to 0x0000000002faac92

Events (10 events):
Event: 1.770 loading class com/android/dx/cf/attrib/AttLocalVariableTypeTable
Event: 1.770 loading class com/android/dx/cf/attrib/AttLocalVariableTypeTable done
Event: 1.773 Thread 0x0000000002ace000 Uncommon trap: trap_request=0xffffff65 fr.pc=0x0000000002f84f1c
Event: 1.773 Thread 0x0000000002ace000 DEOPT PACKING pc=0x0000000002f84f1c sp=0x0000000002bce0d0
Event: 1.773 Thread 0x0000000002ace000 DEOPT UNPACKING pc=0x0000000002d1582a sp=0x0000000002bce008 mode 2
Event: 1.774 Thread 0x0000000002ace000 Uncommon trap: trap_request=0xffffff65 fr.pc=0x0000000002fb4e6c
Event: 1.774 Thread 0x0000000002ace000 DEOPT PACKING pc=0x0000000002fb4e6c sp=0x0000000002bce090
Event: 1.774 Thread 0x0000000002ace000 DEOPT UNPACKING pc=0x0000000002d1582a sp=0x0000000002bce028 mode 2
Event: 3.781 loading class com/android/dx/cf/code/SwitchList
Event: 3.781 loading class com/android/dx/cf/code/SwitchList done


Dynamic libraries:
0x00007ff63ae20000 - 0x00007ff63ae57000 	C:\Program Files\Java\jdk1.8.0_60\bin\java.exe
0x00007ffea5320000 - 0x00007ffea54f1000 	C:\WINDOWS\SYSTEM32\ntdll.dll
0x00007ffea2cf0000 - 0x00007ffea2d9b000 	C:\WINDOWS\System32\KERNEL32.DLL
0x00007ffea1a60000 - 0x00007ffea1c7d000 	C:\WINDOWS\System32\KERNELBASE.dll
0x00007ffea3800000 - 0x00007ffea38a2000 	C:\WINDOWS\System32\ADVAPI32.dll
0x00007ffea31a0000 - 0x00007ffea323e000 	C:\WINDOWS\System32\msvcrt.dll
0x00007ffea37a0000 - 0x00007ffea37f9000 	C:\WINDOWS\System32\sechost.dll
0x00007ffea3000000 - 0x00007ffea3121000 	C:\WINDOWS\System32\RPCRT4.dll
0x00007ffea3270000 - 0x00007ffea33d5000 	C:\WINDOWS\System32\USER32.dll
0x00007ffea2830000 - 0x00007ffea284e000 	C:\WINDOWS\System32\win32u.dll
0x00007ffea4de0000 - 0x00007ffea4e14000 	C:\WINDOWS\System32\GDI32.dll
0x00007ffea2530000 - 0x00007ffea26b2000 	C:\WINDOWS\System32\gdi32full.dll
0x00007ffe96620000 - 0x00007ffe96899000 	C:\WINDOWS\WinSxS\amd64_microsoft.windows.common-controls_6595b64144ccf1df_6.0.14393.0_none_2d0f50fcbdb171b8\COMCTL32.dll
0x00007ffea5040000 - 0x00007ffea5307000 	C:\WINDOWS\System32\combase.dll
0x00007ffea1960000 - 0x00007ffea1a55000 	C:\WINDOWS\System32\ucrtbase.dll
0x00007ffea27c0000 - 0x00007ffea282a000 	C:\WINDOWS\System32\bcryptPrimitives.dll
0x00007ffea3240000 - 0x00007ffea326e000 	C:\WINDOWS\System32\IMM32.DLL
0x0000000073310000 - 0x00000000733e2000 	C:\Program Files\Java\jdk1.8.0_60\jre\bin\msvcr100.dll
0x000000006f300000 - 0x000000006fb89000 	C:\Program Files\Java\jdk1.8.0_60\jre\bin\server\jvm.dll
0x00007ffea5030000 - 0x00007ffea5038000 	C:\WINDOWS\System32\PSAPI.DLL
0x00007ffe93c50000 - 0x00007ffe93c59000 	C:\WINDOWS\SYSTEM32\WSOCK32.dll
0x00007ffea3130000 - 0x00007ffea319a000 	C:\WINDOWS\System32\WS2_32.dll
0x00007ffe9fc70000 - 0x00007ffe9fc93000 	C:\WINDOWS\SYSTEM32\WINMM.dll
0x00007ffe9fae0000 - 0x00007ffe9fb0b000 	C:\WINDOWS\SYSTEM32\WINMMBASE.dll
0x00007ffe9cf00000 - 0x00007ffe9cf0a000 	C:\WINDOWS\SYSTEM32\VERSION.dll
0x00007ffea2770000 - 0x00007ffea27b2000 	C:\WINDOWS\System32\cfgmgr32.dll
0x0000000073300000 - 0x000000007330f000 	C:\Program Files\Java\jdk1.8.0_60\jre\bin\verify.dll
0x00000000732d0000 - 0x00000000732f9000 	C:\Program Files\Java\jdk1.8.0_60\jre\bin\java.dll
0x00000000732b0000 - 0x00000000732c6000 	C:\Program Files\Java\jdk1.8.0_60\jre\bin\zip.dll
0x00007ffea38d0000 - 0x00007ffea4dd8000 	C:\WINDOWS\System32\SHELL32.dll
0x00007ffea1e50000 - 0x00007ffea252a000 	C:\WINDOWS\System32\windows.storage.dll
0x00007ffea17a0000 - 0x00007ffea17ec000 	C:\WINDOWS\System32\powrprof.dll
0x00007ffea2fa0000 - 0x00007ffea2ff2000 	C:\WINDOWS\System32\shlwapi.dll
0x00007ffea1790000 - 0x00007ffea179f000 	C:\WINDOWS\System32\kernel.appcore.dll
0x00007ffea1810000 - 0x00007ffea18b9000 	C:\WINDOWS\System32\shcore.dll
0x00007ffea17f0000 - 0x00007ffea1804000 	C:\WINDOWS\System32\profapi.dll

VM Arguments:
jvm_args: -Djava.awt.headless=true -Xmx1024M -Dfile.encoding=windows-1252 -Duser.country=US -Duser.language=en -Duser.variant 
java_command: com.android.dx.command.Main --dex --force-jumbo --num-threads=4 --multi-dex --output D:\Repository\WorkspaceAndroid\ProyectoAndroid\app\build\intermediates\transforms\dex\debug\folders\1000\10\com.android.support-appcompat-v7-24.2.0_824d9aa5b44b667485ddab32ecc8250cd3ea014c D:\Repository\WorkspaceAndroid\ProyectoAndroid\app\build\intermediates\exploded-aar\com.android.support\appcompat-v7\24.2.0\jars\classes.jar
java_class_path (initial): C:\Users\ArkMetal\AppData\Local\Android\sdk\build-tools\23.0.3\lib\dx.jar
Launcher Type: SUN_STANDARD

Environment Variables:
JAVA_HOME=C:\Program Files\Java\jdk1.8.0_91
CLASSPATH=C:\LINGO64_15\Lingo14.jar
PATH=C:\apache-maven-3.3.9\bin;C:\Program Files\Java\jdk1.8.0_91\bin;C:\ProgramData\Oracle\Java\javapath;C:\WINDOWS\system32;C:\WINDOWS;C:\WINDOWS\System32\Wbem;C:\WINDOWS\System32\WindowsPowerShell\v1.0\;C:\Program Files\Microsoft SQL Server\Client SDK\ODBC\110\Tools\Binn\;C:\Program Files (x86)\Microsoft SQL Server\120\Tools\Binn\;C:\Program Files\Microsoft SQL Server\120\Tools\Binn\;C:\Program Files\Microsoft SQL Server\120\DTS\Binn\;C:\Program Files\TortoiseSVN\bin;C:\Program Files (x86)\Microsoft SQL Server\120\Tools\Binn\ManagementStudio\;C:\Program Files (x86)\Microsoft SQL Server\120\DTS\Binn\;C:\Program Files (x86)\Skype\Phone\;C:\LINGO64_15\;C:\Program Files (x86)\ATI Technologies\ATI.ACE\Core-Static;C:\Users\ArkMetal\AppData\Local\Android\sdk\tools;C:\Users\ArkMetal\AppData\Local\Android\sdk\platform-tools;C:\Program Files (x86)\Windows Kits\8.1\Windows Performance Toolkit\;C:\Program Files (x86)\nodejs\;C:\Program Files\Microsoft SQL Server\130\Tools\Binn\;C:\Program Files (x86)\Microsoft Emulator Manager\1.0\;C:\Program Files\Git\cmd;C:\Program Files\dotnet\;C:\Ruby23-x64\bin;C:\Users\ArkMetal\.dnx\bin;C:\Users\ArkMetal\AppData\Local\Microsoft\WindowsApps;C:\Users\ArkMetal\AppData\Roaming\npm;C:\Program Files (x86)\Git\bin;C:\Program Files (x86)\Git\cmd
USERNAME=ArkMetal
OS=Windows_NT
PROCESSOR_IDENTIFIER=Intel64 Family 6 Model 58 Stepping 9, GenuineIntel



---------------  S Y S T E M  ---------------

OS: Windows 10.0 , 64 bit Build 14393 (10.0.14393.0)

CPU:total 8 (4 cores per cpu, 2 threads per core) family 6 model 58 stepping 9, cmov, cx8, fxsr, mmx, sse, sse2, sse3, ssse3, sse4.1, sse4.2, popcnt, avx, aes, clmul, erms, ht, tsc, tscinvbit, tscinv

Memory: 4k page, physical 8342836k(2382432k free), swap 11980368k(1530336k free)

vm_info: Java HotSpot(TM) 64-Bit Server VM (25.60-b23) for windows-amd64 JRE (1.8.0_60-b27), built on Aug  4 2015 11:06:27 by "java_re" with MS VC++ 10.0 (VS2010)

time: Tue Sep 20 01:04:40 2016
elapsed time: 9 seconds (0d 0h 0m 9s)

